Release 14.6 Map P.68d (nt64)
Xilinx Mapping Report File for Design 'vga_syncIndex'

Design Information
------------------
Command Line   : map -intstyle ise -p xc3s500e-fg320-4 -cm area -ir off -pr off
-c 100 -o vga_syncIndex_map.ncd vga_syncIndex.ngd vga_syncIndex.pcf 
Target Device  : xc3s500e
Target Package : fg320
Target Speed   : -4
Mapper Version : spartan3e -- $Revision: 1.55 $
Mapped Date    : Sat Nov 18 01:12:57 2017

Design Summary
--------------
Number of errors:      0
Number of warnings:   42
Logic Utilization:
  Number of Slice Flip Flops:            77 out of   9,312    1%
  Number of 4 input LUTs:               439 out of   9,312    4%
Logic Distribution:
  Number of occupied Slices:            256 out of   4,656    5%
    Number of Slices containing only related logic:     256 out of     256 100%
    Number of Slices containing unrelated logic:          0 out of     256   0%
      *See NOTES below for an explanation of the effects of unrelated logic.
  Total Number of 4 input LUTs:         477 out of   9,312    5%
    Number used as logic:               439
    Number used as a route-thru:         38

  The Slice Logic Distribution report is not meaningful if the design is
  over-mapped for a non-slice resource or if Placement fails.

  Number of bonded IOBs:                 37 out of     232   15%
    IOB Flip Flops:                       8
  Number of RAMB16s:                      9 out of      20   45%
  Number of BUFGMUXs:                     2 out of      24    8%

Average Fanout of Non-Clock Nets:                3.34

Peak Memory Usage:  352 MB
Total REAL time to MAP completion:  8 secs 
Total CPU time to MAP completion:   1 secs 

NOTES:

   Related logic is defined as being logic that shares connectivity - e.g. two
   LUTs are "related" if they share common inputs.  When assembling slices,
   Map gives priority to combine logic that is related.  Doing so results in
   the best timing performance.

   Unrelated logic shares no connectivity.  Map will only begin packing
   unrelated logic into a slice once 99% of the slices are occupied through
   related logic packing.

   Note that once logic distribution reaches the 99% level through related
   logic packing, this does not mean the device is completely utilized.
   Unrelated logic packing will then begin, continuing until all usable LUTs
   and FFs are occupied.  Depending on your timing budget, increased levels of
   unrelated logic packing may adversely affect the overall timing performance
   of your design.

Table of Contents
-----------------
Section 1 - Errors
Section 2 - Warnings
Section 3 - Informational
Section 4 - Removed Logic Summary
Section 5 - Removed Logic
Section 6 - IOB Properties
Section 7 - RPMs
Section 8 - Guide Report
Section 9 - Area Group and Partition Summary
Section 10 - Timing Report
Section 11 - Configuration String Information
Section 12 - Control Set Information
Section 13 - Utilization by Hierarchy

Section 1 - Errors
------------------

Section 2 - Warnings
--------------------
WARNING:Security:43 - No license file was found in the standard Xilinx license
directory.
WARNING:Security:44 - Since no license file was found,
WARNING:Security:42 - Your software subscription period has lapsed. Your current
version of Xilinx tools will continue to function, but you no longer qualify for
Xilinx software updates or new releases.
WARNING:PhysDesignRules:812 - Dangling pin <DOA0> on
   block:<outpic/U0/xst_blk_mem_generator/gnativebmg.native_blk_mem_gen/valid.cs
   tr/ramloop[1].ram.r/s3_init.ram/dpram.dp36x36.ram.A>:<RAMB16_RAMB16A>.
WARNING:PhysDesignRules:812 - Dangling pin <DOA1> on
   block:<outpic/U0/xst_blk_mem_generator/gnativebmg.native_blk_mem_gen/valid.cs
   tr/ramloop[1].ram.r/s3_init.ram/dpram.dp36x36.ram.A>:<RAMB16_RAMB16A>.
WARNING:PhysDesignRules:812 - Dangling pin <DOA2> on
   block:<outpic/U0/xst_blk_mem_generator/gnativebmg.native_blk_mem_gen/valid.cs
   tr/ramloop[1].ram.r/s3_init.ram/dpram.dp36x36.ram.A>:<RAMB16_RAMB16A>.
WARNING:PhysDesignRules:812 - Dangling pin <DOA3> on
   block:<outpic/U0/xst_blk_mem_generator/gnativebmg.native_blk_mem_gen/valid.cs
   tr/ramloop[1].ram.r/s3_init.ram/dpram.dp36x36.ram.A>:<RAMB16_RAMB16A>.
WARNING:PhysDesignRules:812 - Dangling pin <DOA4> on
   block:<outpic/U0/xst_blk_mem_generator/gnativebmg.native_blk_mem_gen/valid.cs
   tr/ramloop[1].ram.r/s3_init.ram/dpram.dp36x36.ram.A>:<RAMB16_RAMB16A>.
WARNING:PhysDesignRules:812 - Dangling pin <DOA6> on
   block:<outpic/U0/xst_blk_mem_generator/gnativebmg.native_blk_mem_gen/valid.cs
   tr/ramloop[1].ram.r/s3_init.ram/dpram.dp36x36.ram.A>:<RAMB16_RAMB16A>.
WARNING:PhysDesignRules:812 - Dangling pin <DOA7> on
   block:<outpic/U0/xst_blk_mem_generator/gnativebmg.native_blk_mem_gen/valid.cs
   tr/ramloop[1].ram.r/s3_init.ram/dpram.dp36x36.ram.A>:<RAMB16_RAMB16A>.
WARNING:PhysDesignRules:812 - Dangling pin <DOA10> on
   block:<outpic/U0/xst_blk_mem_generator/gnativebmg.native_blk_mem_gen/valid.cs
   tr/ramloop[1].ram.r/s3_init.ram/dpram.dp36x36.ram.A>:<RAMB16_RAMB16A>.
WARNING:PhysDesignRules:812 - Dangling pin <DOA11> on
   block:<outpic/U0/xst_blk_mem_generator/gnativebmg.native_blk_mem_gen/valid.cs
   tr/ramloop[1].ram.r/s3_init.ram/dpram.dp36x36.ram.A>:<RAMB16_RAMB16A>.
WARNING:PhysDesignRules:812 - Dangling pin <DOA12> on
   block:<outpic/U0/xst_blk_mem_generator/gnativebmg.native_blk_mem_gen/valid.cs
   tr/ramloop[1].ram.r/s3_init.ram/dpram.dp36x36.ram.A>:<RAMB16_RAMB16A>.
WARNING:PhysDesignRules:812 - Dangling pin <DOA13> on
   block:<outpic/U0/xst_blk_mem_generator/gnativebmg.native_blk_mem_gen/valid.cs
   tr/ramloop[1].ram.r/s3_init.ram/dpram.dp36x36.ram.A>:<RAMB16_RAMB16A>.
WARNING:PhysDesignRules:812 - Dangling pin <DOA14> on
   block:<outpic/U0/xst_blk_mem_generator/gnativebmg.native_blk_mem_gen/valid.cs
   tr/ramloop[1].ram.r/s3_init.ram/dpram.dp36x36.ram.A>:<RAMB16_RAMB16A>.
WARNING:PhysDesignRules:812 - Dangling pin <DOA15> on
   block:<outpic/U0/xst_blk_mem_generator/gnativebmg.native_blk_mem_gen/valid.cs
   tr/ramloop[1].ram.r/s3_init.ram/dpram.dp36x36.ram.A>:<RAMB16_RAMB16A>.
WARNING:PhysDesignRules:812 - Dangling pin <DOA16> on
   block:<outpic/U0/xst_blk_mem_generator/gnativebmg.native_blk_mem_gen/valid.cs
   tr/ramloop[1].ram.r/s3_init.ram/dpram.dp36x36.ram.A>:<RAMB16_RAMB16A>.
WARNING:PhysDesignRules:812 - Dangling pin <DOA20> on
   block:<outpic/U0/xst_blk_mem_generator/gnativebmg.native_blk_mem_gen/valid.cs
   tr/ramloop[1].ram.r/s3_init.ram/dpram.dp36x36.ram.A>:<RAMB16_RAMB16A>.
WARNING:PhysDesignRules:812 - Dangling pin <DOA21> on
   block:<outpic/U0/xst_blk_mem_generator/gnativebmg.native_blk_mem_gen/valid.cs
   tr/ramloop[1].ram.r/s3_init.ram/dpram.dp36x36.ram.A>:<RAMB16_RAMB16A>.
WARNING:PhysDesignRules:812 - Dangling pin <DOA22> on
   block:<outpic/U0/xst_blk_mem_generator/gnativebmg.native_blk_mem_gen/valid.cs
   tr/ramloop[1].ram.r/s3_init.ram/dpram.dp36x36.ram.A>:<RAMB16_RAMB16A>.
WARNING:PhysDesignRules:812 - Dangling pin <DOA23> on
   block:<outpic/U0/xst_blk_mem_generator/gnativebmg.native_blk_mem_gen/valid.cs
   tr/ramloop[1].ram.r/s3_init.ram/dpram.dp36x36.ram.A>:<RAMB16_RAMB16A>.
WARNING:PhysDesignRules:812 - Dangling pin <DOA24> on
   block:<outpic/U0/xst_blk_mem_generator/gnativebmg.native_blk_mem_gen/valid.cs
   tr/ramloop[1].ram.r/s3_init.ram/dpram.dp36x36.ram.A>:<RAMB16_RAMB16A>.
WARNING:PhysDesignRules:812 - Dangling pin <DOA25> on
   block:<outpic/U0/xst_blk_mem_generator/gnativebmg.native_blk_mem_gen/valid.cs
   tr/ramloop[1].ram.r/s3_init.ram/dpram.dp36x36.ram.A>:<RAMB16_RAMB16A>.
WARNING:PhysDesignRules:812 - Dangling pin <DOA26> on
   block:<outpic/U0/xst_blk_mem_generator/gnativebmg.native_blk_mem_gen/valid.cs
   tr/ramloop[1].ram.r/s3_init.ram/dpram.dp36x36.ram.A>:<RAMB16_RAMB16A>.
WARNING:PhysDesignRules:812 - Dangling pin <DOA27> on
   block:<outpic/U0/xst_blk_mem_generator/gnativebmg.native_blk_mem_gen/valid.cs
   tr/ramloop[1].ram.r/s3_init.ram/dpram.dp36x36.ram.A>:<RAMB16_RAMB16A>.
WARNING:PhysDesignRules:812 - Dangling pin <DOA30> on
   block:<outpic/U0/xst_blk_mem_generator/gnativebmg.native_blk_mem_gen/valid.cs
   tr/ramloop[1].ram.r/s3_init.ram/dpram.dp36x36.ram.A>:<RAMB16_RAMB16A>.
WARNING:PhysDesignRules:812 - Dangling pin <DOA31> on
   block:<outpic/U0/xst_blk_mem_generator/gnativebmg.native_blk_mem_gen/valid.cs
   tr/ramloop[1].ram.r/s3_init.ram/dpram.dp36x36.ram.A>:<RAMB16_RAMB16A>.
WARNING:PhysDesignRules:812 - Dangling pin <DOA0> on
   block:<outpic/U0/xst_blk_mem_generator/gnativebmg.native_blk_mem_gen/valid.cs
   tr/ramloop[3].ram.r/s3_init.ram/dpram.dp9x9.ram.A>:<RAMB16_RAMB16A>.
WARNING:PhysDesignRules:812 - Dangling pin <DOA1> on
   block:<outpic/U0/xst_blk_mem_generator/gnativebmg.native_blk_mem_gen/valid.cs
   tr/ramloop[3].ram.r/s3_init.ram/dpram.dp9x9.ram.A>:<RAMB16_RAMB16A>.
WARNING:PhysDesignRules:812 - Dangling pin <DOA2> on
   block:<outpic/U0/xst_blk_mem_generator/gnativebmg.native_blk_mem_gen/valid.cs
   tr/ramloop[3].ram.r/s3_init.ram/dpram.dp9x9.ram.A>:<RAMB16_RAMB16A>.
WARNING:PhysDesignRules:812 - Dangling pin <DOA3> on
   block:<outpic/U0/xst_blk_mem_generator/gnativebmg.native_blk_mem_gen/valid.cs
   tr/ramloop[3].ram.r/s3_init.ram/dpram.dp9x9.ram.A>:<RAMB16_RAMB16A>.
WARNING:PhysDesignRules:812 - Dangling pin <DOA6> on
   block:<outpic/U0/xst_blk_mem_generator/gnativebmg.native_blk_mem_gen/valid.cs
   tr/ramloop[3].ram.r/s3_init.ram/dpram.dp9x9.ram.A>:<RAMB16_RAMB16A>.
WARNING:PhysDesignRules:812 - Dangling pin <DOA7> on
   block:<outpic/U0/xst_blk_mem_generator/gnativebmg.native_blk_mem_gen/valid.cs
   tr/ramloop[3].ram.r/s3_init.ram/dpram.dp9x9.ram.A>:<RAMB16_RAMB16A>.
WARNING:PhysDesignRules:1063 - Issue with pin connections and/or configuration
   on
   block:<outpic/U0/xst_blk_mem_generator/gnativebmg.native_blk_mem_gen/valid.cs
   tr/ramloop[2].ram.r/s3_init.ram/dpram.dp9x9.ram.A>:<RAMB16_RAMB16A>.  The
   block is configured to use an input parity pins. There is a dangling output
   parity pin.
WARNING:PhysDesignRules:812 - Dangling pin <DOA0> on
   block:<outpic/U0/xst_blk_mem_generator/gnativebmg.native_blk_mem_gen/valid.cs
   tr/ramloop[2].ram.r/s3_init.ram/dpram.dp9x9.ram.A>:<RAMB16_RAMB16A>.
WARNING:PhysDesignRules:812 - Dangling pin <DOA1> on
   block:<outpic/U0/xst_blk_mem_generator/gnativebmg.native_blk_mem_gen/valid.cs
   tr/ramloop[2].ram.r/s3_init.ram/dpram.dp9x9.ram.A>:<RAMB16_RAMB16A>.
WARNING:PhysDesignRules:812 - Dangling pin <DOA2> on
   block:<outpic/U0/xst_blk_mem_generator/gnativebmg.native_blk_mem_gen/valid.cs
   tr/ramloop[2].ram.r/s3_init.ram/dpram.dp9x9.ram.A>:<RAMB16_RAMB16A>.
WARNING:PhysDesignRules:812 - Dangling pin <DOA3> on
   block:<outpic/U0/xst_blk_mem_generator/gnativebmg.native_blk_mem_gen/valid.cs
   tr/ramloop[2].ram.r/s3_init.ram/dpram.dp9x9.ram.A>:<RAMB16_RAMB16A>.
WARNING:PhysDesignRules:812 - Dangling pin <DOA7> on
   block:<outpic/U0/xst_blk_mem_generator/gnativebmg.native_blk_mem_gen/valid.cs
   tr/ramloop[2].ram.r/s3_init.ram/dpram.dp9x9.ram.A>:<RAMB16_RAMB16A>.
WARNING:PhysDesignRules:1063 - Issue with pin connections and/or configuration
   on
   block:<outpic/U0/xst_blk_mem_generator/gnativebmg.native_blk_mem_gen/valid.cs
   tr/ramloop[0].ram.r/s3_init.ram/dpram.dp9x9.ram.A>:<RAMB16_RAMB16A>.  The
   block is configured to use an input parity pins. There is a dangling output
   parity pin.
WARNING:PhysDesignRules:812 - Dangling pin <DOA0> on
   block:<outpic/U0/xst_blk_mem_generator/gnativebmg.native_blk_mem_gen/valid.cs
   tr/ramloop[0].ram.r/s3_init.ram/dpram.dp9x9.ram.A>:<RAMB16_RAMB16A>.
WARNING:PhysDesignRules:812 - Dangling pin <DOA1> on
   block:<outpic/U0/xst_blk_mem_generator/gnativebmg.native_blk_mem_gen/valid.cs
   tr/ramloop[0].ram.r/s3_init.ram/dpram.dp9x9.ram.A>:<RAMB16_RAMB16A>.
WARNING:PhysDesignRules:812 - Dangling pin <DOA2> on
   block:<outpic/U0/xst_blk_mem_generator/gnativebmg.native_blk_mem_gen/valid.cs
   tr/ramloop[0].ram.r/s3_init.ram/dpram.dp9x9.ram.A>:<RAMB16_RAMB16A>.
WARNING:PhysDesignRules:812 - Dangling pin <DOA3> on
   block:<outpic/U0/xst_blk_mem_generator/gnativebmg.native_blk_mem_gen/valid.cs
   tr/ramloop[0].ram.r/s3_init.ram/dpram.dp9x9.ram.A>:<RAMB16_RAMB16A>.
WARNING:PhysDesignRules:812 - Dangling pin <DOA4> on
   block:<outpic/U0/xst_blk_mem_generator/gnativebmg.native_blk_mem_gen/valid.cs
   tr/ramloop[0].ram.r/s3_init.ram/dpram.dp9x9.ram.A>:<RAMB16_RAMB16A>.

Section 3 - Informational
-------------------------
INFO:Security:51 - The XILINXD_LICENSE_FILE environment variable is not set.
INFO:Security:52 - The LM_LICENSE_FILE environment variable is set to
'2100@10.0.63.244'.
INFO:Security:54 - 'xc3s500e' is a WebPack part.
INFO:LIT:243 - Logical network outpic/douta<21> has no load.
INFO:LIT:395 - The above info message is repeated 18 more times for the
   following (max. 5 shown):
   outpic/douta<20>,
   outpic/douta<19>,
   outpic/douta<18>,
   outpic/douta<17>,
   outpic/douta<16>
   To see the details of these info messages, please use the -detail switch.
INFO:MapLib:562 - No environment variables are currently set.
INFO:LIT:244 - All of the single ended outputs in this design are using slew
   rate limited output drivers. The delay on speed critical single ended outputs
   can be dramatically reduced by designating them as fast outputs.

Section 4 - Removed Logic Summary
---------------------------------
  16 block(s) removed
   8 block(s) optimized away
  53 signal(s) removed

Section 5 - Removed Logic
-------------------------

The trimmed logic report below shows the logic removed from your design due to
sourceless or loadless signals, and VCC or ground connections.  If the removal
of a signal or symbol results in the subsequent removal of an additional signal
or symbol, the message explaining that second removal will be indented.  This
indentation will be repeated as a chain of related logic is removed.

To quickly locate the original cause for the removal of a chain of logic, look
above the place where that logic is listed in the trimming report, then locate
the lines that are least indented (begin at the leftmost edge).

The signal "inpic/N0" is sourceless and has been removed.
The signal "outpic/douta<21>" is sourceless and has been removed.
The signal "outpic/douta<20>" is sourceless and has been removed.
The signal "outpic/douta<19>" is sourceless and has been removed.
The signal "outpic/douta<18>" is sourceless and has been removed.
The signal "outpic/douta<17>" is sourceless and has been removed.
The signal "outpic/douta<16>" is sourceless and has been removed.
The signal "outpic/douta<12>" is sourceless and has been removed.
The signal "outpic/douta<11>" is sourceless and has been removed.
The signal "outpic/douta<10>" is sourceless and has been removed.
The signal "outpic/douta<9>" is sourceless and has been removed.
The signal "outpic/douta<8>" is sourceless and has been removed.
The signal "outpic/douta<4>" is sourceless and has been removed.
The signal "outpic/douta<3>" is sourceless and has been removed.
The signal "outpic/douta<2>" is sourceless and has been removed.
The signal "outpic/douta<1>" is sourceless and has been removed.
The signal "outpic/douta<0>" is sourceless and has been removed.
The signal "outpic/N0" is sourceless and has been removed.
The signal
"outpic/U0/xst_blk_mem_generator/gnativebmg.native_blk_mem_gen/valid.cstr/ramloo
p[1].ram.ram_douta<0>" is sourceless and has been removed.
 Sourceless block
"outpic/U0/xst_blk_mem_generator/gnativebmg.native_blk_mem_gen/valid.cstr/has_mu
x_a.A/Mmux_dout_mux111" (ROM) removed.
The signal
"outpic/U0/xst_blk_mem_generator/gnativebmg.native_blk_mem_gen/valid.cstr/ramloo
p[0].ram.ram_douta<0>" is sourceless and has been removed.
The signal
"outpic/U0/xst_blk_mem_generator/gnativebmg.native_blk_mem_gen/valid.cstr/ramloo
p[1].ram.ram_douta<10>" is sourceless and has been removed.
 Sourceless block
"outpic/U0/xst_blk_mem_generator/gnativebmg.native_blk_mem_gen/valid.cstr/has_mu
x_a.A/Mmux_dout_mux25" (ROM) removed.
The signal
"outpic/U0/xst_blk_mem_generator/gnativebmg.native_blk_mem_gen/valid.cstr/ramloo
p[2].ram.ram_douta<1>" is sourceless and has been removed.
The signal
"outpic/U0/xst_blk_mem_generator/gnativebmg.native_blk_mem_gen/valid.cstr/ramloo
p[1].ram.ram_douta<11>" is sourceless and has been removed.
 Sourceless block
"outpic/U0/xst_blk_mem_generator/gnativebmg.native_blk_mem_gen/valid.cstr/has_mu
x_a.A/Mmux_dout_mux31" (ROM) removed.
The signal
"outpic/U0/xst_blk_mem_generator/gnativebmg.native_blk_mem_gen/valid.cstr/ramloo
p[2].ram.ram_douta<2>" is sourceless and has been removed.
The signal
"outpic/U0/xst_blk_mem_generator/gnativebmg.native_blk_mem_gen/valid.cstr/ramloo
p[1].ram.ram_douta<12>" is sourceless and has been removed.
 Sourceless block
"outpic/U0/xst_blk_mem_generator/gnativebmg.native_blk_mem_gen/valid.cstr/has_mu
x_a.A/Mmux_dout_mux41" (ROM) removed.
The signal
"outpic/U0/xst_blk_mem_generator/gnativebmg.native_blk_mem_gen/valid.cstr/ramloo
p[2].ram.ram_douta<3>" is sourceless and has been removed.
The signal
"outpic/U0/xst_blk_mem_generator/gnativebmg.native_blk_mem_gen/valid.cstr/ramloo
p[1].ram.ram_douta<16>" is sourceless and has been removed.
 Sourceless block
"outpic/U0/xst_blk_mem_generator/gnativebmg.native_blk_mem_gen/valid.cstr/has_mu
x_a.A/Mmux_dout_mux81" (ROM) removed.
The signal
"outpic/U0/xst_blk_mem_generator/gnativebmg.native_blk_mem_gen/valid.cstr/ramloo
p[2].ram.ram_douta<7>" is sourceless and has been removed.
The signal
"outpic/U0/xst_blk_mem_generator/gnativebmg.native_blk_mem_gen/valid.cstr/ramloo
p[1].ram.ram_douta<17>" is sourceless and has been removed.
 Sourceless block
"outpic/U0/xst_blk_mem_generator/gnativebmg.native_blk_mem_gen/valid.cstr/has_mu
x_a.A/Mmux_dout_mux91" (ROM) removed.
The signal
"outpic/U0/xst_blk_mem_generator/gnativebmg.native_blk_mem_gen/valid.cstr/ramloo
p[2].ram.ram_douta<8>" is sourceless and has been removed.
The signal
"outpic/U0/xst_blk_mem_generator/gnativebmg.native_blk_mem_gen/valid.cstr/ramloo
p[1].ram.ram_douta<18>" is sourceless and has been removed.
 Sourceless block
"outpic/U0/xst_blk_mem_generator/gnativebmg.native_blk_mem_gen/valid.cstr/has_mu
x_a.A/Mmux_dout_mux101" (ROM) removed.
The signal
"outpic/U0/xst_blk_mem_generator/gnativebmg.native_blk_mem_gen/valid.cstr/ramloo
p[3].ram.ram_douta<0>" is sourceless and has been removed.
The signal
"outpic/U0/xst_blk_mem_generator/gnativebmg.native_blk_mem_gen/valid.cstr/ramloo
p[1].ram.ram_douta<19>" is sourceless and has been removed.
 Sourceless block
"outpic/U0/xst_blk_mem_generator/gnativebmg.native_blk_mem_gen/valid.cstr/has_mu
x_a.A/Mmux_dout_mux112" (ROM) removed.
The signal
"outpic/U0/xst_blk_mem_generator/gnativebmg.native_blk_mem_gen/valid.cstr/ramloo
p[3].ram.ram_douta<1>" is sourceless and has been removed.
The signal
"outpic/U0/xst_blk_mem_generator/gnativebmg.native_blk_mem_gen/valid.cstr/ramloo
p[1].ram.ram_douta<1>" is sourceless and has been removed.
 Sourceless block
"outpic/U0/xst_blk_mem_generator/gnativebmg.native_blk_mem_gen/valid.cstr/has_mu
x_a.A/Mmux_dout_mux121" (ROM) removed.
The signal
"outpic/U0/xst_blk_mem_generator/gnativebmg.native_blk_mem_gen/valid.cstr/ramloo
p[0].ram.ram_douta<1>" is sourceless and has been removed.
The signal
"outpic/U0/xst_blk_mem_generator/gnativebmg.native_blk_mem_gen/valid.cstr/ramloo
p[1].ram.ram_douta<20>" is sourceless and has been removed.
 Sourceless block
"outpic/U0/xst_blk_mem_generator/gnativebmg.native_blk_mem_gen/valid.cstr/has_mu
x_a.A/Mmux_dout_mux131" (ROM) removed.
The signal
"outpic/U0/xst_blk_mem_generator/gnativebmg.native_blk_mem_gen/valid.cstr/ramloo
p[3].ram.ram_douta<2>" is sourceless and has been removed.
The signal
"outpic/U0/xst_blk_mem_generator/gnativebmg.native_blk_mem_gen/valid.cstr/ramloo
p[1].ram.ram_douta<21>" is sourceless and has been removed.
 Sourceless block
"outpic/U0/xst_blk_mem_generator/gnativebmg.native_blk_mem_gen/valid.cstr/has_mu
x_a.A/Mmux_dout_mux141" (ROM) removed.
The signal
"outpic/U0/xst_blk_mem_generator/gnativebmg.native_blk_mem_gen/valid.cstr/ramloo
p[3].ram.ram_douta<3>" is sourceless and has been removed.
The signal
"outpic/U0/xst_blk_mem_generator/gnativebmg.native_blk_mem_gen/valid.cstr/ramloo
p[1].ram.ram_douta<2>" is sourceless and has been removed.
 Sourceless block
"outpic/U0/xst_blk_mem_generator/gnativebmg.native_blk_mem_gen/valid.cstr/has_mu
x_a.A/Mmux_dout_mux171" (ROM) removed.
The signal
"outpic/U0/xst_blk_mem_generator/gnativebmg.native_blk_mem_gen/valid.cstr/ramloo
p[0].ram.ram_douta<2>" is sourceless and has been removed.
The signal
"outpic/U0/xst_blk_mem_generator/gnativebmg.native_blk_mem_gen/valid.cstr/ramloo
p[1].ram.ram_douta<3>" is sourceless and has been removed.
 Sourceless block
"outpic/U0/xst_blk_mem_generator/gnativebmg.native_blk_mem_gen/valid.cstr/has_mu
x_a.A/Mmux_dout_mux181" (ROM) removed.
The signal
"outpic/U0/xst_blk_mem_generator/gnativebmg.native_blk_mem_gen/valid.cstr/ramloo
p[0].ram.ram_douta<3>" is sourceless and has been removed.
The signal
"outpic/U0/xst_blk_mem_generator/gnativebmg.native_blk_mem_gen/valid.cstr/ramloo
p[1].ram.ram_douta<4>" is sourceless and has been removed.
 Sourceless block
"outpic/U0/xst_blk_mem_generator/gnativebmg.native_blk_mem_gen/valid.cstr/has_mu
x_a.A/Mmux_dout_mux191" (ROM) removed.
The signal
"outpic/U0/xst_blk_mem_generator/gnativebmg.native_blk_mem_gen/valid.cstr/ramloo
p[0].ram.ram_douta<4>" is sourceless and has been removed.
The signal
"outpic/U0/xst_blk_mem_generator/gnativebmg.native_blk_mem_gen/valid.cstr/ramloo
p[1].ram.ram_douta<8>" is sourceless and has been removed.
 Sourceless block
"outpic/U0/xst_blk_mem_generator/gnativebmg.native_blk_mem_gen/valid.cstr/has_mu
x_a.A/Mmux_dout_mux231" (ROM) removed.
The signal
"outpic/U0/xst_blk_mem_generator/gnativebmg.native_blk_mem_gen/valid.cstr/ramloo
p[0].ram.ram_douta<8>" is sourceless and has been removed.
The signal
"outpic/U0/xst_blk_mem_generator/gnativebmg.native_blk_mem_gen/valid.cstr/ramloo
p[1].ram.ram_douta<9>" is sourceless and has been removed.
 Sourceless block
"outpic/U0/xst_blk_mem_generator/gnativebmg.native_blk_mem_gen/valid.cstr/has_mu
x_a.A/Mmux_dout_mux241" (ROM) removed.
The signal
"outpic/U0/xst_blk_mem_generator/gnativebmg.native_blk_mem_gen/valid.cstr/ramloo
p[2].ram.ram_douta<0>" is sourceless and has been removed.
The signal "water/douta<16>" is sourceless and has been removed.
The signal "water/douta<8>" is sourceless and has been removed.
The signal "water/douta<0>" is sourceless and has been removed.

Optimized Block(s):
TYPE 		BLOCK
GND 		XST_GND
VCC 		XST_VCC
GND 		inpic/XST_GND
VCC 		inpic/XST_VCC
GND 		outpic/XST_GND
VCC 		outpic/XST_VCC
GND 		water/XST_GND
VCC 		water/XST_VCC

To enable printing of redundant blocks removed and signals merged, set the
detailed map report option and rerun map.

Section 6 - IOB Properties
--------------------------

+---------------------------------------------------------------------------------------------------------------------------------------------------------+
| IOB Name                           | Type             | Direction | IO Standard          | Diff  | Drive    | Slew | Reg (s)      | Resistor | IOB      |
|                                    |                  |           |                      | Term  | Strength | Rate |              |          | Delay    |
+---------------------------------------------------------------------------------------------------------------------------------------------------------+
| b<0>                               | IBUF             | INPUT     | LVCMOS25             |       |          |      |              |          | 0 / 0    |
| b<1>                               | IBUF             | INPUT     | LVCMOS25             |       |          |      |              |          | 0 / 0    |
| blank                              | IOB              | OUTPUT    | LVCMOS25             |       | 12       | SLOW |              |          | 0 / 0    |
| blue<0>                            | IOB              | OUTPUT    | LVCMOS25             |       | 12       | SLOW | OFF1         |          | 0 / 0    |
| blue<1>                            | IOB              | OUTPUT    | LVCMOS25             |       | 12       | SLOW | OFF1         |          | 0 / 0    |
| choice<0>                          | IBUF             | INPUT     | LVCMOS25             |       |          |      |              |          | 0 / 0    |
| choice<1>                          | IBUF             | INPUT     | LVCMOS25             |       |          |      |              |          | 0 / 0    |
| choice<2>                          | IBUF             | INPUT     | LVCMOS25             |       |          |      |              |          | 0 / 0    |
| clk                                | IBUF             | INPUT     | LVCMOS25             |       |          |      |              |          | 0 / 0    |
| green<0>                           | IOB              | OUTPUT    | LVCMOS25             |       | 12       | SLOW | OFF1         |          | 0 / 0    |
| green<1>                           | IOB              | OUTPUT    | LVCMOS25             |       | 12       | SLOW | OFF1         |          | 0 / 0    |
| green<2>                           | IOB              | OUTPUT    | LVCMOS25             |       | 12       | SLOW | OFF1         |          | 0 / 0    |
| hc<0>                              | IOB              | OUTPUT    | LVCMOS25             |       | 12       | SLOW |              |          | 0 / 0    |
| hc<1>                              | IOB              | OUTPUT    | LVCMOS25             |       | 12       | SLOW |              |          | 0 / 0    |
| hc<2>                              | IOB              | OUTPUT    | LVCMOS25             |       | 12       | SLOW |              |          | 0 / 0    |
| hc<3>                              | IOB              | OUTPUT    | LVCMOS25             |       | 12       | SLOW |              |          | 0 / 0    |
| hc<4>                              | IOB              | OUTPUT    | LVCMOS25             |       | 12       | SLOW |              |          | 0 / 0    |
| hc<5>                              | IOB              | OUTPUT    | LVCMOS25             |       | 12       | SLOW |              |          | 0 / 0    |
| hc<6>                              | IOB              | OUTPUT    | LVCMOS25             |       | 12       | SLOW |              |          | 0 / 0    |
| hc<7>                              | IOB              | OUTPUT    | LVCMOS25             |       | 12       | SLOW |              |          | 0 / 0    |
| hc<8>                              | IOB              | OUTPUT    | LVCMOS25             |       | 12       | SLOW |              |          | 0 / 0    |
| hc<9>                              | IOB              | OUTPUT    | LVCMOS25             |       | 12       | SLOW |              |          | 0 / 0    |
| hsync                              | IOB              | OUTPUT    | LVCMOS25             |       | 12       | SLOW |              |          | 0 / 0    |
| red<0>                             | IOB              | OUTPUT    | LVCMOS25             |       | 12       | SLOW | OFF1         |          | 0 / 0    |
| red<1>                             | IOB              | OUTPUT    | LVCMOS25             |       | 12       | SLOW | OFF1         |          | 0 / 0    |
| red<2>                             | IOB              | OUTPUT    | LVCMOS25             |       | 12       | SLOW | OFF1         |          | 0 / 0    |
| vc<0>                              | IOB              | OUTPUT    | LVCMOS25             |       | 12       | SLOW |              |          | 0 / 0    |
| vc<1>                              | IOB              | OUTPUT    | LVCMOS25             |       | 12       | SLOW |              |          | 0 / 0    |
| vc<2>                              | IOB              | OUTPUT    | LVCMOS25             |       | 12       | SLOW |              |          | 0 / 0    |
| vc<3>                              | IOB              | OUTPUT    | LVCMOS25             |       | 12       | SLOW |              |          | 0 / 0    |
| vc<4>                              | IOB              | OUTPUT    | LVCMOS25             |       | 12       | SLOW |              |          | 0 / 0    |
| vc<5>                              | IOB              | OUTPUT    | LVCMOS25             |       | 12       | SLOW |              |          | 0 / 0    |
| vc<6>                              | IOB              | OUTPUT    | LVCMOS25             |       | 12       | SLOW |              |          | 0 / 0    |
| vc<7>                              | IOB              | OUTPUT    | LVCMOS25             |       | 12       | SLOW |              |          | 0 / 0    |
| vc<8>                              | IOB              | OUTPUT    | LVCMOS25             |       | 12       | SLOW |              |          | 0 / 0    |
| vc<9>                              | IOB              | OUTPUT    | LVCMOS25             |       | 12       | SLOW |              |          | 0 / 0    |
| vsync                              | IOB              | OUTPUT    | LVCMOS25             |       | 12       | SLOW |              |          | 0 / 0    |
+---------------------------------------------------------------------------------------------------------------------------------------------------------+

Section 7 - RPMs
----------------

Section 8 - Guide Report
------------------------
Guide not run on this design.

Section 9 - Area Group and Partition Summary
--------------------------------------------

Partition Implementation Status
-------------------------------

  No Partitions were found in this design.

-------------------------------

Area Group Information
----------------------

  No area groups were found in this design.

----------------------

Section 10 - Timing Report
--------------------------
This design was not run using timing mode.

Section 11 - Configuration String Details
-----------------------------------------
Use the "-detail" map option to print out Configuration Strings

Section 12 - Control Set Information
------------------------------------
No control set information for this architecture.

Section 13 - Utilization by Hierarchy
-------------------------------------
Use the "-detail" map option to print out the Utilization by Hierarchy section.
